<?xml version="1.0" encoding="UTF-8"?>
<!-- Generated by org.testng.reporters.JUnitReportReporter -->
<testsuite skipped="0" hostname="hp" name="com.Rest_Assured.Automation.Test_Cases.TC004_Get_Details_Stores" tests="1" failures="0" timestamp="17 Dec 2019 15:50:59 GMT" time="0.004" errors="0">
  <testcase name="getting_store_details" time="0.004" classname="com.Rest_Assured.Automation.Test_Cases.TC004_Get_Details_Stores"/>
</testsuite> <!-- com.Rest_Assured.Automation.Test_Cases.TC004_Get_Details_Stores -->
