<?xml version="1.0" encoding="UTF-8"?>
<!-- Generated by org.testng.reporters.JUnitReportReporter -->
<testsuite skipped="0" hostname="hp" name="com.Rest_Assured.Automation.Test_Cases.TC001_Get_Request_Weather" tests="1" failures="0" timestamp="17 Dec 2019 15:50:59 GMT" time="4.415" errors="0">
  <testcase name="get_Weather_deatils" time="4.415" classname="com.Rest_Assured.Automation.Test_Cases.TC001_Get_Request_Weather"/>
</testsuite> <!-- com.Rest_Assured.Automation.Test_Cases.TC001_Get_Request_Weather -->
