<?xml version="1.0" encoding="UTF-8"?>
<!-- Generated by org.testng.reporters.JUnitReportReporter -->
<testsuite skipped="0" hostname="hp" name="com.Rest_Assured.Automation.Test_Cases.TC008_Get_All_Employees" tests="1" failures="0" timestamp="27 Dec 2019 18:59:50 GMT" time="8.360" errors="0">
  <testcase name="getting_the_Employees" time="8.360" classname="com.Rest_Assured.Automation.Test_Cases.TC008_Get_All_Employees"/>
</testsuite> <!-- com.Rest_Assured.Automation.Test_Cases.TC008_Get_All_Employees -->
