<?xml version="1.0" encoding="UTF-8"?>
<!-- Generated by org.testng.reporters.JUnitReportReporter -->
<testsuite skipped="0" hostname="hp" name="com.Rest_Assured.Automation.Test_Cases.TC003_Get_Details_Google_Map_Multple_Headers" tests="1" failures="0" timestamp="22 Dec 2019 17:54:03 GMT" time="1.910" errors="0">
  <testcase name="getting_store_details" time="1.910" classname="com.Rest_Assured.Automation.Test_Cases.TC003_Get_Details_Google_Map_Multple_Headers"/>
</testsuite> <!-- com.Rest_Assured.Automation.Test_Cases.TC003_Get_Details_Google_Map_Multple_Headers -->
