<?xml version="1.0" encoding="UTF-8"?>
<!-- Generated by org.testng.reporters.JUnitReportReporter -->
<testsuite skipped="0" hostname="hp" name="com.Rest_Assured.Automation.Test_Cases.TC004_Get_Details_Stores" tests="1" failures="0" timestamp="19 Dec 2019 17:02:39 GMT" time="18.035" errors="0">
  <testcase name="getting_store_details_" time="18.035" classname="com.Rest_Assured.Automation.Test_Cases.TC004_Get_Details_Stores"/>
</testsuite> <!-- com.Rest_Assured.Automation.Test_Cases.TC004_Get_Details_Stores -->
