<?xml version="1.0" encoding="UTF-8"?>
<!-- Generated by org.testng.reporters.JUnitReportReporter -->
<testsuite skipped="0" hostname="hp" name="com.Rest_Assured.Automation.Test_Cases.TC004_Get_Details_Stores_Single_Header" tests="1" failures="0" timestamp="22 Dec 2019 17:54:03 GMT" time="0.495" errors="0">
  <testcase name="getting_store_details_" time="0.495" classname="com.Rest_Assured.Automation.Test_Cases.TC004_Get_Details_Stores_Single_Header"/>
</testsuite> <!-- com.Rest_Assured.Automation.Test_Cases.TC004_Get_Details_Stores_Single_Header -->
