<?xml version="1.0" encoding="UTF-8"?>
<!-- Generated by org.testng.reporters.JUnitReportReporter -->
<testsuite skipped="0" hostname="hp" name="com.Rest_Assured.Automation.Test_Cases.TC001_Get_Request_Weather" tests="1" failures="0" timestamp="22 Dec 2019 17:54:03 GMT" time="3.946" errors="0">
  <testcase name="get_Weather_deatils" time="3.946" classname="com.Rest_Assured.Automation.Test_Cases.TC001_Get_Request_Weather"/>
</testsuite> <!-- com.Rest_Assured.Automation.Test_Cases.TC001_Get_Request_Weather -->
