<?xml version="1.0" encoding="UTF-8"?>
<!-- Generated by org.testng.reporters.JUnitReportReporter -->
<testsuite skipped="0" hostname="hp" name="com.Rest_Assured.Automation.Test_Cases.Get_Single_Employee_From_Request" tests="1" failures="0" timestamp="27 Dec 2019 19:30:16 GMT" time="4.184" errors="0">
  <testcase name="Get_single_employee_details" time="4.184" classname="com.Rest_Assured.Automation.Test_Cases.Get_Single_Employee_From_Request"/>
</testsuite> <!-- com.Rest_Assured.Automation.Test_Cases.Get_Single_Employee_From_Request -->
