<?xml version="1.0" encoding="UTF-8"?>
<!-- Generated by org.testng.reporters.JUnitReportReporter -->
<testsuite skipped="0" hostname="hp" name="com.Rest_Assured.Automation.Test_Cases.TC002_Post_Request_Register" tests="1" failures="0" timestamp="10 Dec 2019 17:49:28 GMT" time="8.057" errors="0">
  <testcase name="Register_Cosumer" time="8.057" classname="com.Rest_Assured.Automation.Test_Cases.TC002_Post_Request_Register"/>
</testsuite> <!-- com.Rest_Assured.Automation.Test_Cases.TC002_Post_Request_Register -->
