<?xml version="1.0" encoding="UTF-8"?>
<!-- Generated by org.testng.reporters.JUnitReportReporter -->
<testsuite skipped="0" hostname="hp" name="com.Rest_Assured.Automation.Test_Cases.TC007_Get_Authontication" tests="1" failures="0" timestamp="22 Dec 2019 17:54:03 GMT" time="0.639" errors="0">
  <testcase name="Get_details_Using_AUTH" time="0.639" classname="com.Rest_Assured.Automation.Test_Cases.TC007_Get_Authontication"/>
</testsuite> <!-- com.Rest_Assured.Automation.Test_Cases.TC007_Get_Authontication -->
