<?xml version="1.0" encoding="UTF-8"?>
<!-- Generated by org.testng.reporters.JUnitReportReporter -->
<testsuite skipped="0" hostname="hp" name="com.Rest_Assured.Automation.Test_Cases.TC006_Extracting_all_the_JSON_Response" tests="1" failures="0" timestamp="22 Dec 2019 17:54:03 GMT" time="1.772" errors="0">
  <testcase name="Getting_JSON_Response_Validating" time="1.772" classname="com.Rest_Assured.Automation.Test_Cases.TC006_Extracting_all_the_JSON_Response"/>
</testsuite> <!-- com.Rest_Assured.Automation.Test_Cases.TC006_Extracting_all_the_JSON_Response -->
