<?xml version="1.0" encoding="UTF-8"?>
<!-- Generated by org.testng.reporters.JUnitReportReporter -->
<testsuite skipped="0" hostname="hp" name="com.Rest_Assured.Automation.Test_Cases.TC003_Get_Details_Google_Map" tests="1" failures="0" timestamp="17 Dec 2019 15:50:59 GMT" time="0.017" errors="0">
  <testcase name="getting_store_details" time="0.017" classname="com.Rest_Assured.Automation.Test_Cases.TC003_Get_Details_Google_Map"/>
</testsuite> <!-- com.Rest_Assured.Automation.Test_Cases.TC003_Get_Details_Google_Map -->
