<?xml version="1.0" encoding="UTF-8"?>
<!-- Generated by org.testng.reporters.JUnitReportReporter -->
<testsuite skipped="0" hostname="hp" name="com.Rest_Assured.Automation.Test_Cases.TC002_Post_Request_Register" tests="1" failures="0" timestamp="18 Dec 2019 16:32:17 GMT" time="2.263" errors="0">
  <testcase name="Register_Cosumer" time="2.263" classname="com.Rest_Assured.Automation.Test_Cases.TC002_Post_Request_Register"/>
</testsuite> <!-- com.Rest_Assured.Automation.Test_Cases.TC002_Post_Request_Register -->
