<?xml version="1.0" encoding="UTF-8"?>
<!-- Generated by org.testng.reporters.JUnitReportReporter -->
<testsuite skipped="0" hostname="hp" name="com.Rest_Assured.Automation.Test_Cases.TC001_Get_Request_Weather" tests="1" failures="0" timestamp="18 Dec 2019 16:32:17 GMT" time="6.507" errors="0">
  <testcase name="get_Weather_deatils" time="6.507" classname="com.Rest_Assured.Automation.Test_Cases.TC001_Get_Request_Weather"/>
</testsuite> <!-- com.Rest_Assured.Automation.Test_Cases.TC001_Get_Request_Weather -->
