<?xml version="1.0" encoding="UTF-8"?>
<!-- Generated by org.testng.reporters.JUnitReportReporter -->
<testsuite skipped="0" hostname="hp" name="com.Rest_Assured.Automation.Test_Cases.TC004_Get_Details_Stores" tests="1" failures="0" timestamp="18 Dec 2019 16:32:17 GMT" time="0.001" errors="0">
  <testcase name="getting_store_details" time="0.001" classname="com.Rest_Assured.Automation.Test_Cases.TC004_Get_Details_Stores"/>
</testsuite> <!-- com.Rest_Assured.Automation.Test_Cases.TC004_Get_Details_Stores -->
